生成启动时间为 2021/4/7 19:05:06。
     1>项目“D:\agv-combine -target -new\build\slam\slam.vcxproj”在节点 3 上(Rebuild 个目标)。
     1>CustomBuild:
         Building Custom Rule D:/agv-combine -target -new/slam/CMakeLists.txt
       ClCompile:
         D:\Software\vs2013\VC\bin\CL.exe /c /I"D:\agv-combine -target -new\AGVtoolkit2013\include" /I"D:\agv-combine -target -new\msg" /I"D:\agv-combine -target -new\slam" /I"D:\agv-combine -target -new" /I"D:\agv-combine -target -new\slam\utils" /I"D:\agv-combine -target -new\slam\sensor" /I"D:\agv-combine -target -new\slam\log" /I"D:\agv-combine -target -new\slam\configfile" /I"D:\agv-combine -target -new\slam\scanmatcher" /nologo /W1 /WX- /O2 /Ob2 /Oy- /D NDEBUG /D "CMAKE_INTDIR=\"Release\"" /D slam_EXPORTS /D _WINDLL /D _MBCS /Gm- /MD /GS /fp:precise /Zc:wchar_t /Zc:forScope /Fo"slam.dir\Release\\" /Fd"slam.dir\Release\vc120.pdb" /Gd /TP /analyze- /errorReport:prompt  -O3 "D:\agv-combine -target -new\slam\slam.cpp" "D:\agv-combine -target -new\msg\stdmsg.cc"
     1>cl : 命令行 warning D9002: 忽略未知选项“-O3”
         slam.cpp
     1>D:\Software\vs2013\VC\include\xlocale(337): warning C4530: 使用了 C++ 异常处理程序，但未启用展开语义。请指定 /EHsc
         stdmsg.cc
     1>D:\Software\vs2013\VC\include\xlocale(337): warning C4530: 使用了 C++ 异常处理程序，但未启用展开语义。请指定 /EHsc
         正在生成代码...
       Link:
         D:\Software\vs2013\VC\bin\link.exe /ERRORREPORT:PROMPT /OUT:"D:\agv-combine -target -new\bin\Release\slam.dll" /INCREMENTAL:NO /NOLOGO /LIBPATH:"D:/agv-combine -target -new/bin/lib" /LIBPATH:"D:/agv-combine -target -new/bin/lib/Release" /LIBPATH:"D:/agv-combine -target -new" /LIBPATH:"D:/agv-combine -target -new/Release" /LIBPATH:"D:/agv-combine -target -new/AGVtoolkit2013/lib" /LIBPATH:"D:/agv-combine -target -new/AGVtoolkit2013/lib/Release" ..\..\bin\lib\Release\gridfastslam.lib ..\..\bin\lib\Release\scanmatcher.lib ..\..\bin\lib\Release\configfile.lib ..\..\bin\lib\Release\log.lib ..\..\bin\lib\Release\sensor.lib ..\..\bin\lib\Release\utils.lib node.lib node.lib libprotobuf.lib libzmq.lib kernel32.lib user32.lib gdi32.lib winspool.lib shell32.lib ole32.lib oleaut32.lib uuid.lib comdlg32.lib advapi32.lib /MANIFEST /MANIFESTUAC:"level='asInvoker' uiAccess='false'" /manifest:embed /PDB:"D:/agv-combine -target -new/bin/Release/slam.pdb" /SUBSYSTEM:CONSOLE /TLBID:1 /DYNAMICBASE /NXCOMPAT /IMPLIB:"D:/agv-combine -target -new/bin/lib/Release/slam.lib" /MACHINE:X86 /SAFESEH  /machine:X86 /DLL slam.dir\Release\slam.obj
         slam.dir\Release\stdmsg.obj
            正在创建库 D:/agv-combine -target -new/bin/lib/Release/slam.lib 和对象 D:/agv-combine -target -new/bin/lib/Release/slam.exp
         slam.vcxproj -> D:\agv-combine -target -new\bin\Release\slam.dll
     1>已完成生成项目“D:\agv-combine -target -new\build\slam\slam.vcxproj”(Rebuild 个目标)的操作。

生成成功。

已用时间 00:00:02.26
