生成启动时间为 2021/3/28 17:55:17。
     1>项目“D:\agv-combine -target -new\build\slam\log.vcxproj”在节点 6 上(Rebuild 个目标)。
     1>CustomBuild:
         Building Custom Rule D:/agv-combine -target -new/slam/CMakeLists.txt
       ClCompile:
         D:\Software\vs2013\VC\bin\CL.exe /c /I"D:\agv-combine -target -new\AGVtoolkit2013\include" /I"D:\agv-combine -target -new\msg" /I"D:\agv-combine -target -new\slam" /I"D:\agv-combine -target -new" /I"D:\agv-combine -target -new\slam\utils" /I"D:\agv-combine -target -new\slam\sensor" /I"D:\agv-combine -target -new\slam\log" /I"D:\agv-combine -target -new\slam\configfile" /I"D:\agv-combine -target -new\slam\scanmatcher" /Zi /nologo /W1 /WX- /Od /Ob0 /Oy- /D "CMAKE_INTDIR=\"Debug\"" /D _MBCS /Gm- /RTC1 /MDd /GS /fp:precise /Zc:wchar_t /Zc:forScope /Fo"log.dir\Debug\\" /Fd"log.dir\Debug\vc120.pdb" /Gd /TP /analyze- /errorReport:prompt  -O3 "D:\agv-combine -target -new\slam\log\configuration.cpp" "D:\agv-combine -target -new\slam\log\carmenconfiguration.cpp" "D:\agv-combine -target -new\slam\log\sensorlog.cpp" "D:\agv-combine -target -new\slam\log\sensorstream.cpp"
     1>cl : 命令行 warning D9002: 忽略未知选项“-O3”
         configuration.cpp
     1>D:\Software\vs2013\VC\include\xlocale(337): warning C4530: 使用了 C++ 异常处理程序，但未启用展开语义。请指定 /EHsc
         carmenconfiguration.cpp
     1>D:\Software\vs2013\VC\include\xlocale(337): warning C4530: 使用了 C++ 异常处理程序，但未启用展开语义。请指定 /EHsc
         sensorlog.cpp
     1>D:\Software\vs2013\VC\include\xlocale(337): warning C4530: 使用了 C++ 异常处理程序，但未启用展开语义。请指定 /EHsc
         sensorstream.cpp
     1>D:\Software\vs2013\VC\include\xlocale(337): warning C4530: 使用了 C++ 异常处理程序，但未启用展开语义。请指定 /EHsc
         正在生成代码...
       Lib:
         D:\Software\vs2013\VC\bin\Lib.exe /OUT:"D:\agv-combine -target -new\bin\lib\Debug\log.lib" /NOLOGO  /machine:X86 log.dir\Debug\configuration.obj
         log.dir\Debug\carmenconfiguration.obj
         log.dir\Debug\sensorlog.obj
         log.dir\Debug\sensorstream.obj
         log.vcxproj -> D:\agv-combine -target -new\bin\lib\Debug\log.lib
     1>已完成生成项目“D:\agv-combine -target -new\build\slam\log.vcxproj”(Rebuild 个目标)的操作。

生成成功。

已用时间 00:00:05.32
