生成启动时间为 2021/4/7 19:05:03。
     1>项目“D:\agv-combine -target -new\build\slam\sensor.vcxproj”在节点 7 上(Rebuild 个目标)。
     1>CustomBuild:
         Building Custom Rule D:/agv-combine -target -new/slam/CMakeLists.txt
       ClCompile:
         D:\Software\vs2013\VC\bin\CL.exe /c /I"D:\agv-combine -target -new\AGVtoolkit2013\include" /I"D:\agv-combine -target -new\msg" /I"D:\agv-combine -target -new\slam" /I"D:\agv-combine -target -new" /I"D:\agv-combine -target -new\slam\utils" /I"D:\agv-combine -target -new\slam\sensor" /I"D:\agv-combine -target -new\slam\log" /I"D:\agv-combine -target -new\slam\configfile" /I"D:\agv-combine -target -new\slam\scanmatcher" /nologo /W1 /WX- /O2 /Ob2 /Oy- /D NDEBUG /D "CMAKE_INTDIR=\"Release\"" /D _MBCS /Gm- /MD /GS /fp:precise /Zc:wchar_t /Zc:forScope /Fo"sensor.dir\Release\\" /Fd"sensor.dir\Release\vc120.pdb" /Gd /TP /analyze- /errorReport:prompt  -O3 "D:\agv-combine -target -new\slam\sensor\sensor_base\sensor.cpp" "D:\agv-combine -target -new\slam\sensor\sensor_base\sensorreading.cpp" "D:\agv-combine -target -new\slam\sensor\sensor_range\rangesensor.cpp" "D:\agv-combine -target -new\slam\sensor\sensor_range\rangereading.cpp" "D:\agv-combine -target -new\slam\sensor\sensor_odometry\odometrysensor.cpp" "D:\agv-combine -target -new\slam\sensor\sensor_odometry\odometryreading.cpp"
     1>cl : 命令行 warning D9002: 忽略未知选项“-O3”
         sensor.cpp
     1>D:\Software\vs2013\VC\include\xlocale(337): warning C4530: 使用了 C++ 异常处理程序，但未启用展开语义。请指定 /EHsc
         sensorreading.cpp
     1>D:\Software\vs2013\VC\include\xlocale(337): warning C4530: 使用了 C++ 异常处理程序，但未启用展开语义。请指定 /EHsc
         rangesensor.cpp
     1>D:\Software\vs2013\VC\include\xlocale(337): warning C4530: 使用了 C++ 异常处理程序，但未启用展开语义。请指定 /EHsc
         rangereading.cpp
     1>D:\Software\vs2013\VC\include\xlocale(337): warning C4530: 使用了 C++ 异常处理程序，但未启用展开语义。请指定 /EHsc
         odometrysensor.cpp
     1>D:\Software\vs2013\VC\include\xlocale(337): warning C4530: 使用了 C++ 异常处理程序，但未启用展开语义。请指定 /EHsc
         odometryreading.cpp
     1>D:\Software\vs2013\VC\include\xlocale(337): warning C4530: 使用了 C++ 异常处理程序，但未启用展开语义。请指定 /EHsc
         正在生成代码...
       Lib:
         D:\Software\vs2013\VC\bin\Lib.exe /OUT:"D:\agv-combine -target -new\bin\lib\Release\sensor.lib" /NOLOGO  /machine:X86 sensor.dir\Release\sensor.obj
         sensor.dir\Release\sensorreading.obj
         sensor.dir\Release\rangesensor.obj
         sensor.dir\Release\rangereading.obj
         sensor.dir\Release\odometrysensor.obj
         sensor.dir\Release\odometryreading.obj
         sensor.vcxproj -> D:\agv-combine -target -new\bin\lib\Release\sensor.lib
     1>已完成生成项目“D:\agv-combine -target -new\build\slam\sensor.vcxproj”(Rebuild 个目标)的操作。

生成成功。

已用时间 00:00:02.40
