d:\agv-combine -target -new\build\driver\driver.dir\release\ticks.obj
d:\agv-combine -target -new\build\driver\driver.dir\release\urg_driver.obj
d:\agv-combine -target -new\build\driver\driver.dir\release\sockets.obj
d:\agv-combine -target -new\build\driver\driver.dir\release\laser.obj
d:\agv-combine -target -new\build\driver\driver.dir\release\motion.obj
d:\agv-combine -target -new\build\driver\driver.dir\release\urg_utils.obj
d:\agv-combine -target -new\build\driver\driver.dir\release\urg_tcpclient.obj
d:\agv-combine -target -new\build\driver\driver.dir\release\urg_serial_utils.obj
d:\agv-combine -target -new\build\driver\driver.dir\release\urg_serial.obj
d:\agv-combine -target -new\build\driver\driver.dir\release\urg_sensor.obj
d:\agv-combine -target -new\build\driver\driver.dir\release\urg_ring_buffer.obj
d:\agv-combine -target -new\build\driver\driver.dir\release\urg_debug.obj
d:\agv-combine -target -new\build\driver\driver.dir\release\urg_connection.obj
d:\agv-combine -target -new\build\driver\cmakefiles\generate.stamp
d:\agv-combine -target -new\bin\lib\release\driver.lib
d:\agv-combine -target -new\build\driver\driver.dir\release\driver.tlog\cl.command.1.tlog
d:\agv-combine -target -new\build\driver\driver.dir\release\driver.tlog\cl.read.1.tlog
d:\agv-combine -target -new\build\driver\driver.dir\release\driver.tlog\cl.write.1.tlog
d:\agv-combine -target -new\build\driver\driver.dir\release\driver.tlog\custombuild.command.1.tlog
d:\agv-combine -target -new\build\driver\driver.dir\release\driver.tlog\custombuild.read.1.tlog
d:\agv-combine -target -new\build\driver\driver.dir\release\driver.tlog\custombuild.write.1.tlog
d:\agv-combine -target -new\build\driver\driver.dir\release\driver.tlog\lib-link.read.1.tlog
d:\agv-combine -target -new\build\driver\driver.dir\release\driver.tlog\lib-link.write.1.tlog
d:\agv-combine -target -new\build\driver\driver.dir\release\driver.tlog\lib.command.1.tlog
