生成启动时间为 2021/3/28 17:55:21。
     1>项目“D:\agv-combine -target -new\build\slam\map2png.vcxproj”在节点 4 上(Rebuild 个目标)。
     1>CustomBuild:
         Building Custom Rule D:/agv-combine -target -new/slam/CMakeLists.txt
       ClCompile:
         D:\Software\vs2013\VC\bin\CL.exe /c /I"D:\agv-combine -target -new\AGVtoolkit2013\include" /I"D:\agv-combine -target -new\msg" /I"D:\agv-combine -target -new\slam" /I"D:\agv-combine -target -new" /I"D:\agv-combine -target -new\slam\utils" /I"D:\agv-combine -target -new\slam\sensor" /I"D:\agv-combine -target -new\slam\log" /I"D:\agv-combine -target -new\slam\configfile" /I"D:\agv-combine -target -new\slam\scanmatcher" /Zi /nologo /W1 /WX- /Od /Ob0 /Oy- /D "CMAKE_INTDIR=\"Debug\"" /D _MBCS /Gm- /RTC1 /MDd /GS /fp:precise /Zc:wchar_t /Zc:forScope /Fo"map2png.dir\Debug\\" /Fd"map2png.dir\Debug\vc120.pdb" /Gd /TP /analyze- /errorReport:prompt  -O3 "D:\agv-combine -target -new\slam\carmen\carmenmap.cpp" "D:\agv-combine -target -new\slam\carmen\main.cpp"
     1>cl : 命令行 warning D9002: 忽略未知选项“-O3”
         carmenmap.cpp
     1>D:\Software\vs2013\VC\include\xlocale(337): warning C4530: 使用了 C++ 异常处理程序，但未启用展开语义。请指定 /EHsc
         main.cpp
     1>D:\Software\vs2013\VC\include\xlocale(337): warning C4530: 使用了 C++ 异常处理程序，但未启用展开语义。请指定 /EHsc
         正在生成代码...
       Link:
         D:\Software\vs2013\VC\bin\link.exe /ERRORREPORT:PROMPT /OUT:"D:\agv-combine -target -new\bin\Debug\map2png.exe" /INCREMENTAL /NOLOGO /LIBPATH:"D:/agv-combine -target -new/bin/lib" /LIBPATH:"D:/agv-combine -target -new/bin/lib/Debug" /LIBPATH:"D:/agv-combine -target -new" /LIBPATH:"D:/agv-combine -target -new/Debug" /LIBPATH:"D:/agv-combine -target -new/AGVtoolkit2013/lib" /LIBPATH:"D:/agv-combine -target -new/AGVtoolkit2013/lib/Debug" node.lib node.lib libprotobuf.lib libzmq.lib kernel32.lib user32.lib gdi32.lib winspool.lib shell32.lib ole32.lib oleaut32.lib uuid.lib comdlg32.lib advapi32.lib /MANIFEST /MANIFESTUAC:"level='asInvoker' uiAccess='false'" /manifest:embed /DEBUG /PDB:"D:/agv-combine -target -new/bin/Debug/map2png.pdb" /SUBSYSTEM:CONSOLE /TLBID:1 /DYNAMICBASE /NXCOMPAT /IMPLIB:"D:/agv-combine -target -new/bin/lib/Debug/map2png.lib" /MACHINE:X86 /SAFESEH  /machine:X86 map2png.dir\Debug\carmenmap.obj
         map2png.dir\Debug\main.obj
     1>node.lib(image.obj) : error LNK2038: 检测到“_ITERATOR_DEBUG_LEVEL”的不匹配项:  值“0”不匹配值“2”(carmenmap.obj 中)
     1>node.lib(image.obj) : error LNK2038: 检测到“RuntimeLibrary”的不匹配项:  值“MD_DynamicRelease”不匹配值“MDd_DynamicDebug”(carmenmap.obj 中)
     1>LINK : warning LNK4098: 默认库“MSVCRT”与其他库的使用冲突；请使用 /NODEFAULTLIB:library
     1>D:\agv-combine -target -new\bin\Debug\map2png.exe : fatal error LNK1319: 检测到 2 个不匹配项
     1>已完成生成项目“D:\agv-combine -target -new\build\slam\map2png.vcxproj”(Rebuild 个目标)的操作 - 失败。

生成失败。

已用时间 00:00:01.39
