生成启动时间为 2016/4/25 22:19:05。
     1>项目“E:\Code\AGVtoolkit_white\library\src\libzmq-master\builds\msvc\vs2013\libzmq\libzmq.vcxproj”在节点 2 上(Rebuild 个目标)。
     1>ConfigInfo:
         ConfigurationType : DynamicLibrary
         Configuration     : ReleaseDLL
         PlatformToolset   : v120
         TargetPath        : E:\Code\AGVtoolkit_white\library\src\libzmq-master\builds\msvc\vs2013\libzmq\..\..\..\..\bin\Win32\Release\v120\dynamic\libzmq.dll
       OptionInfo:
         Option-openpgm    : 
         Option-gssapi     : 
       ClCompile:
         C:\Program Files (x86)\Microsoft Visual Studio 12.0\VC\bin\CL.exe /c /I"E:\Code\AGVtoolkit_white\library\src\libzmq-master\builds\msvc\vs2013\libzmq\..\..\\" /I"E:\Code\AGVtoolkit_white\library\src\libzmq-master\builds\msvc\vs2013\libzmq\..\..\..\..\include\\" /Zi /nologo /W3 /WX- /MP /O2 /Ob1 /Oi /Oy- /D DLL_EXPORT /D _CRT_SECURE_NO_WARNINGS /D _WINSOCK_DEPRECATED_NO_WARNINGS /D FD_SETSIZE=16384 /D ZMQ_USE_SELECT /D _DLL /D _WINDLL /D NDEBUG /D UNICODE /D _UNICODE /D WIN32 /D _WIN32 /D _WINDLL /Gm- /EHsc /MD /GS /Gy /fp:precise /Zc:wchar_t /Zc:forScope /Yc"precompiled.hpp" /Fp"E:\Code\AGVtoolkit_white\library\src\libzmq-master\builds\msvc\vs2013\libzmq\..\..\..\..\obj\libzmq\Win32\Release\v120\dynamic\libzmq.pch" /Fo"E:\Code\AGVtoolkit_white\library\src\libzmq-master\builds\msvc\vs2013\libzmq\..\..\..\..\obj\libzmq\Win32\Release\v120\dynamic\\" /Fd"E:\Code\AGVtoolkit_white\library\src\libzmq-master\builds\msvc\vs2013\libzmq\..\..\..\..\obj\libzmq\Win32\Release\v120\dynamic\vc120.pdb" /Gd /TP /analyze- /errorReport:prompt /Oy- ..\..\..\..\src\precompiled.cpp
         precompiled.cpp
         C:\Program Files (x86)\Microsoft Visual Studio 12.0\VC\bin\CL.exe /c /I"E:\Code\AGVtoolkit_white\library\src\libzmq-master\builds\msvc\vs2013\libzmq\..\..\\" /I"E:\Code\AGVtoolkit_white\library\src\libzmq-master\builds\msvc\vs2013\libzmq\..\..\..\..\include\\" /Zi /nologo /W3 /WX- /MP /O2 /Ob1 /Oi /Oy- /D DLL_EXPORT /D _CRT_SECURE_NO_WARNINGS /D _WINSOCK_DEPRECATED_NO_WARNINGS /D FD_SETSIZE=16384 /D ZMQ_USE_SELECT /D _DLL /D _WINDLL /D NDEBUG /D UNICODE /D _UNICODE /D WIN32 /D _WIN32 /D _WINDLL /Gm- /EHsc /MD /GS /Gy /fp:precise /Zc:wchar_t /Zc:forScope /Yu"precompiled.hpp" /Fp"E:\Code\AGVtoolkit_white\library\src\libzmq-master\builds\msvc\vs2013\libzmq\..\..\..\..\obj\libzmq\Win32\Release\v120\dynamic\libzmq.pch" /Fo"E:\Code\AGVtoolkit_white\library\src\libzmq-master\builds\msvc\vs2013\libzmq\..\..\..\..\obj\libzmq\Win32\Release\v120\dynamic\\" /Fd"E:\Code\AGVtoolkit_white\library\src\libzmq-master\builds\msvc\vs2013\libzmq\..\..\..\..\obj\libzmq\Win32\Release\v120\dynamic\vc120.pdb" /Gd /TP /analyze- /errorReport:prompt /Oy- ..\..\..\..\src\address.cpp ..\..\..\..\src\client.cpp ..\..\..\..\src\clock.cpp ..\..\..\..\src\ctx.cpp ..\..\..\..\src\curve_client.cpp ..\..\..\..\src\curve_server.cpp ..\..\..\..\src\dealer.cpp ..\..\..\..\src\decoder_allocators.cpp ..\..\..\..\src\devpoll.cpp ..\..\..\..\src\dish.cpp ..\..\..\..\src\dist.cpp ..\..\..\..\src\epoll.cpp ..\..\..\..\src\err.cpp ..\..\..\..\src\fq.cpp ..\..\..\..\src\gather.cpp ..\..\..\..\src\gssapi_client.cpp ..\..\..\..\src\gssapi_mechanism_base.cpp ..\..\..\..\src\gssapi_server.cpp ..\..\..\..\src\io_object.cpp ..\..\..\..\src\io_thread.cpp ..\..\..\..\src\ip.cpp ..\..\..\..\src\ipc_address.cpp ..\..\..\..\src\ipc_connecter.cpp ..\..\..\..\src\ipc_listener.cpp ..\..\..\..\src\kqueue.cpp ..\..\..\..\src\lb.cpp ..\..\..\..\src\mailbox.cpp ..\..\..\..\src\mailbox_safe.cpp ..\..\..\..\src\mechanism.cpp ..\..\..\..\src\metadata.cpp ..\..\..\..\src\msg.cpp ..\..\..\..\src\mtrie.cpp ..\..\..\..\src\null_mechanism.cpp ..\..\..\..\src\object.cpp ..\..\..\..\src\options.cpp ..\..\..\..\src\own.cpp ..\..\..\..\src\pair.cpp ..\..\..\..\src\pgm_receiver.cpp ..\..\..\..\src\pgm_sender.cpp ..\..\..\..\src\pgm_socket.cpp ..\..\..\..\src\pipe.cpp ..\..\..\..\src\plain_client.cpp ..\..\..\..\src\plain_server.cpp ..\..\..\..\src\poll.cpp ..\..\..\..\src\poller_base.cpp ..\..\..\..\src\proxy.cpp ..\..\..\..\src\pub.cpp ..\..\..\..\src\pull.cpp ..\..\..\..\src\push.cpp ..\..\..\..\src\radio.cpp ..\..\..\..\src\random.cpp ..\..\..\..\src\raw_decoder.cpp ..\..\..\..\src\raw_encoder.cpp ..\..\..\..\src\reaper.cpp ..\..\..\..\src\rep.cpp ..\..\..\..\src\req.cpp ..\..\..\..\src\router.cpp ..\..\..\..\src\scatter.cpp ..\..\..\..\src\select.cpp ..\..\..\..\src\server.cpp ..\..\..\..\src\session_base.cpp ..\..\..\..\src\signaler.cpp ..\..\..\..\src\socket_base.cpp ..\..\..\..\src\socket_poller.cpp ..\..\..\..\src\socks.cpp ..\..\..\..\src\socks_connecter.cpp ..\..\..\..\src\stream.cpp ..\..\..\..\src\stream_engine.cpp ..\..\..\..\src\sub.cpp ..\..\..\..\src\tcp.cpp ..\..\..\..\src\tcp_address.cpp ..\..\..\..\src\tcp_connecter.cpp ..\..\..\..\src\tcp_listener.cpp ..\..\..\..\src\thread.cpp ..\..\..\..\src\timers.cpp ..\..\..\..\src\trie.cpp ..\..\..\..\src\udp_address.cpp ..\..\..\..\src\udp_engine.cpp ..\..\..\..\src\v1_decoder.cpp ..\..\..\..\src\v1_encoder.cpp ..\..\..\..\src\v2_decoder.cpp ..\..\..\..\src\v2_encoder.cpp ..\..\..\..\src\xpub.cpp ..\..\..\..\src\xsub.cpp ..\..\..\..\src\zmq.cpp ..\..\..\..\src\zmq_utils.cpp
         address.cpp
         client.cpp
         clock.cpp
         ctx.cpp
         curve_client.cpp
         curve_server.cpp
         dealer.cpp
         decoder_allocators.cpp
         devpoll.cpp
         dish.cpp
         dist.cpp
         epoll.cpp
         err.cpp
         fq.cpp
         gather.cpp
         gssapi_client.cpp
         gssapi_mechanism_base.cpp
         gssapi_server.cpp
         io_object.cpp
         io_thread.cpp
         ip.cpp
         ipc_address.cpp
         ipc_connecter.cpp
         ipc_listener.cpp
         kqueue.cpp
         lb.cpp
         mailbox.cpp
         mailbox_safe.cpp
         mechanism.cpp
         metadata.cpp
         msg.cpp
         mtrie.cpp
         null_mechanism.cpp
         object.cpp
         options.cpp
         own.cpp
         pair.cpp
         pgm_receiver.cpp
         pgm_sender.cpp
         pgm_socket.cpp
         pipe.cpp
         plain_client.cpp
         plain_server.cpp
         poll.cpp
         poller_base.cpp
         proxy.cpp
         pub.cpp
         pull.cpp
         push.cpp
         radio.cpp
         random.cpp
         raw_decoder.cpp
         raw_encoder.cpp
         reaper.cpp
         rep.cpp
         req.cpp
         router.cpp
         scatter.cpp
         select.cpp
         server.cpp
         session_base.cpp
         signaler.cpp
         socket_base.cpp
         socket_poller.cpp
         socks.cpp
         socks_connecter.cpp
         stream.cpp
         stream_engine.cpp
         sub.cpp
         tcp.cpp
         tcp_address.cpp
         tcp_connecter.cpp
         tcp_listener.cpp
         thread.cpp
         timers.cpp
         trie.cpp
         udp_address.cpp
         udp_engine.cpp
         v1_decoder.cpp
         v1_encoder.cpp
         v2_decoder.cpp
         v2_encoder.cpp
         xpub.cpp
         xsub.cpp
         zmq.cpp
         zmq_utils.cpp
       ResourceCompile:
         C:\Program Files (x86)\Windows Kits\8.1\bin\x86\rc.exe /D NDEBUG /l"0x0409" /nologo /fo"E:\Code\AGVtoolkit_white\library\src\libzmq-master\builds\msvc\vs2013\libzmq\..\..\..\..\obj\libzmq\Win32\Release\v120\dynamic\resource.res" ..\..\resource.rc 
       Link:
         C:\Program Files (x86)\Microsoft Visual Studio 12.0\VC\bin\link.exe /ERRORREPORT:PROMPT /OUT:"E:\Code\AGVtoolkit_white\library\src\libzmq-master\builds\msvc\vs2013\libzmq\..\..\..\..\bin\Win32\Release\v120\dynamic\libzmq.dll" /INCREMENTAL:NO /NOLOGO Advapi32.lib Ws2_32.lib Rpcrt4.lib Iphlpapi.lib kernel32.lib user32.lib gdi32.lib winspool.lib comdlg32.lib advapi32.lib shell32.lib ole32.lib oleaut32.lib uuid.lib odbc32.lib odbccp32.lib /MANIFEST /MANIFESTUAC:"level='asInvoker' uiAccess='false'" /manifest:embed /DEBUG /PDB:"E:\Code\AGVtoolkit_white\library\src\libzmq-master\builds\msvc\vs2013\libzmq\..\..\..\..\bin\Win32\Release\v120\dynamic\libzmq.pdb" /OPT:REF /OPT:ICF /TLBID:1 /DYNAMICBASE /NXCOMPAT /IMPLIB:"E:\Code\AGVtoolkit_white\library\src\libzmq-master\builds\msvc\vs2013\libzmq\..\..\..\..\bin\Win32\Release\v120\dynamic\libzmq.lib" /MACHINE:X86 /SAFESEH /DLL "E:\Code\AGVtoolkit_white\library\src\libzmq-master\builds\msvc\vs2013\libzmq\..\..\..\..\obj\libzmq\Win32\Release\v120\dynamic\resource.res"
         "E:\Code\AGVtoolkit_white\library\src\libzmq-master\builds\msvc\vs2013\libzmq\..\..\..\..\obj\libzmq\Win32\Release\v120\dynamic\address.obj"
         "E:\Code\AGVtoolkit_white\library\src\libzmq-master\builds\msvc\vs2013\libzmq\..\..\..\..\obj\libzmq\Win32\Release\v120\dynamic\client.obj"
         "E:\Code\AGVtoolkit_white\library\src\libzmq-master\builds\msvc\vs2013\libzmq\..\..\..\..\obj\libzmq\Win32\Release\v120\dynamic\clock.obj"
         "E:\Code\AGVtoolkit_white\library\src\libzmq-master\builds\msvc\vs2013\libzmq\..\..\..\..\obj\libzmq\Win32\Release\v120\dynamic\ctx.obj"
         "E:\Code\AGVtoolkit_white\library\src\libzmq-master\builds\msvc\vs2013\libzmq\..\..\..\..\obj\libzmq\Win32\Release\v120\dynamic\curve_client.obj"
         "E:\Code\AGVtoolkit_white\library\src\libzmq-master\builds\msvc\vs2013\libzmq\..\..\..\..\obj\libzmq\Win32\Release\v120\dynamic\curve_server.obj"
         "E:\Code\AGVtoolkit_white\library\src\libzmq-master\builds\msvc\vs2013\libzmq\..\..\..\..\obj\libzmq\Win32\Release\v120\dynamic\dealer.obj"
         "E:\Code\AGVtoolkit_white\library\src\libzmq-master\builds\msvc\vs2013\libzmq\..\..\..\..\obj\libzmq\Win32\Release\v120\dynamic\decoder_allocators.obj"
         "E:\Code\AGVtoolkit_white\library\src\libzmq-master\builds\msvc\vs2013\libzmq\..\..\..\..\obj\libzmq\Win32\Release\v120\dynamic\devpoll.obj"
         "E:\Code\AGVtoolkit_white\library\src\libzmq-master\builds\msvc\vs2013\libzmq\..\..\..\..\obj\libzmq\Win32\Release\v120\dynamic\dish.obj"
         "E:\Code\AGVtoolkit_white\library\src\libzmq-master\builds\msvc\vs2013\libzmq\..\..\..\..\obj\libzmq\Win32\Release\v120\dynamic\dist.obj"
         "E:\Code\AGVtoolkit_white\library\src\libzmq-master\builds\msvc\vs2013\libzmq\..\..\..\..\obj\libzmq\Win32\Release\v120\dynamic\epoll.obj"
         "E:\Code\AGVtoolkit_white\library\src\libzmq-master\builds\msvc\vs2013\libzmq\..\..\..\..\obj\libzmq\Win32\Release\v120\dynamic\err.obj"
         "E:\Code\AGVtoolkit_white\library\src\libzmq-master\builds\msvc\vs2013\libzmq\..\..\..\..\obj\libzmq\Win32\Release\v120\dynamic\fq.obj"
         "E:\Code\AGVtoolkit_white\library\src\libzmq-master\builds\msvc\vs2013\libzmq\..\..\..\..\obj\libzmq\Win32\Release\v120\dynamic\gather.obj"
         "E:\Code\AGVtoolkit_white\library\src\libzmq-master\builds\msvc\vs2013\libzmq\..\..\..\..\obj\libzmq\Win32\Release\v120\dynamic\gssapi_client.obj"
         "E:\Code\AGVtoolkit_white\library\src\libzmq-master\builds\msvc\vs2013\libzmq\..\..\..\..\obj\libzmq\Win32\Release\v120\dynamic\gssapi_mechanism_base.obj"
         "E:\Code\AGVtoolkit_white\library\src\libzmq-master\builds\msvc\vs2013\libzmq\..\..\..\..\obj\libzmq\Win32\Release\v120\dynamic\gssapi_server.obj"
         "E:\Code\AGVtoolkit_white\library\src\libzmq-master\builds\msvc\vs2013\libzmq\..\..\..\..\obj\libzmq\Win32\Release\v120\dynamic\io_object.obj"
         "E:\Code\AGVtoolkit_white\library\src\libzmq-master\builds\msvc\vs2013\libzmq\..\..\..\..\obj\libzmq\Win32\Release\v120\dynamic\io_thread.obj"
         "E:\Code\AGVtoolkit_white\library\src\libzmq-master\builds\msvc\vs2013\libzmq\..\..\..\..\obj\libzmq\Win32\Release\v120\dynamic\ip.obj"
         "E:\Code\AGVtoolkit_white\library\src\libzmq-master\builds\msvc\vs2013\libzmq\..\..\..\..\obj\libzmq\Win32\Release\v120\dynamic\ipc_address.obj"
         "E:\Code\AGVtoolkit_white\library\src\libzmq-master\builds\msvc\vs2013\libzmq\..\..\..\..\obj\libzmq\Win32\Release\v120\dynamic\ipc_connecter.obj"
         "E:\Code\AGVtoolkit_white\library\src\libzmq-master\builds\msvc\vs2013\libzmq\..\..\..\..\obj\libzmq\Win32\Release\v120\dynamic\ipc_listener.obj"
         "E:\Code\AGVtoolkit_white\library\src\libzmq-master\builds\msvc\vs2013\libzmq\..\..\..\..\obj\libzmq\Win32\Release\v120\dynamic\kqueue.obj"
         "E:\Code\AGVtoolkit_white\library\src\libzmq-master\builds\msvc\vs2013\libzmq\..\..\..\..\obj\libzmq\Win32\Release\v120\dynamic\lb.obj"
         "E:\Code\AGVtoolkit_white\library\src\libzmq-master\builds\msvc\vs2013\libzmq\..\..\..\..\obj\libzmq\Win32\Release\v120\dynamic\mailbox.obj"
         "E:\Code\AGVtoolkit_white\library\src\libzmq-master\builds\msvc\vs2013\libzmq\..\..\..\..\obj\libzmq\Win32\Release\v120\dynamic\mailbox_safe.obj"
         "E:\Code\AGVtoolkit_white\library\src\libzmq-master\builds\msvc\vs2013\libzmq\..\..\..\..\obj\libzmq\Win32\Release\v120\dynamic\mechanism.obj"
         "E:\Code\AGVtoolkit_white\library\src\libzmq-master\builds\msvc\vs2013\libzmq\..\..\..\..\obj\libzmq\Win32\Release\v120\dynamic\metadata.obj"
         "E:\Code\AGVtoolkit_white\library\src\libzmq-master\builds\msvc\vs2013\libzmq\..\..\..\..\obj\libzmq\Win32\Release\v120\dynamic\msg.obj"
         "E:\Code\AGVtoolkit_white\library\src\libzmq-master\builds\msvc\vs2013\libzmq\..\..\..\..\obj\libzmq\Win32\Release\v120\dynamic\mtrie.obj"
         "E:\Code\AGVtoolkit_white\library\src\libzmq-master\builds\msvc\vs2013\libzmq\..\..\..\..\obj\libzmq\Win32\Release\v120\dynamic\null_mechanism.obj"
         "E:\Code\AGVtoolkit_white\library\src\libzmq-master\builds\msvc\vs2013\libzmq\..\..\..\..\obj\libzmq\Win32\Release\v120\dynamic\object.obj"
         "E:\Code\AGVtoolkit_white\library\src\libzmq-master\builds\msvc\vs2013\libzmq\..\..\..\..\obj\libzmq\Win32\Release\v120\dynamic\options.obj"
         "E:\Code\AGVtoolkit_white\library\src\libzmq-master\builds\msvc\vs2013\libzmq\..\..\..\..\obj\libzmq\Win32\Release\v120\dynamic\own.obj"
         "E:\Code\AGVtoolkit_white\library\src\libzmq-master\builds\msvc\vs2013\libzmq\..\..\..\..\obj\libzmq\Win32\Release\v120\dynamic\pair.obj"
         "E:\Code\AGVtoolkit_white\library\src\libzmq-master\builds\msvc\vs2013\libzmq\..\..\..\..\obj\libzmq\Win32\Release\v120\dynamic\pgm_receiver.obj"
         "E:\Code\AGVtoolkit_white\library\src\libzmq-master\builds\msvc\vs2013\libzmq\..\..\..\..\obj\libzmq\Win32\Release\v120\dynamic\pgm_sender.obj"
         "E:\Code\AGVtoolkit_white\library\src\libzmq-master\builds\msvc\vs2013\libzmq\..\..\..\..\obj\libzmq\Win32\Release\v120\dynamic\pgm_socket.obj"
         "E:\Code\AGVtoolkit_white\library\src\libzmq-master\builds\msvc\vs2013\libzmq\..\..\..\..\obj\libzmq\Win32\Release\v120\dynamic\pipe.obj"
         "E:\Code\AGVtoolkit_white\library\src\libzmq-master\builds\msvc\vs2013\libzmq\..\..\..\..\obj\libzmq\Win32\Release\v120\dynamic\plain_client.obj"
         "E:\Code\AGVtoolkit_white\library\src\libzmq-master\builds\msvc\vs2013\libzmq\..\..\..\..\obj\libzmq\Win32\Release\v120\dynamic\plain_server.obj"
         "E:\Code\AGVtoolkit_white\library\src\libzmq-master\builds\msvc\vs2013\libzmq\..\..\..\..\obj\libzmq\Win32\Release\v120\dynamic\poll.obj"
         "E:\Code\AGVtoolkit_white\library\src\libzmq-master\builds\msvc\vs2013\libzmq\..\..\..\..\obj\libzmq\Win32\Release\v120\dynamic\poller_base.obj"
         "E:\Code\AGVtoolkit_white\library\src\libzmq-master\builds\msvc\vs2013\libzmq\..\..\..\..\obj\libzmq\Win32\Release\v120\dynamic\precompiled.obj"
         "E:\Code\AGVtoolkit_white\library\src\libzmq-master\builds\msvc\vs2013\libzmq\..\..\..\..\obj\libzmq\Win32\Release\v120\dynamic\proxy.obj"
         "E:\Code\AGVtoolkit_white\library\src\libzmq-master\builds\msvc\vs2013\libzmq\..\..\..\..\obj\libzmq\Win32\Release\v120\dynamic\pub.obj"
         "E:\Code\AGVtoolkit_white\library\src\libzmq-master\builds\msvc\vs2013\libzmq\..\..\..\..\obj\libzmq\Win32\Release\v120\dynamic\pull.obj"
         "E:\Code\AGVtoolkit_white\library\src\libzmq-master\builds\msvc\vs2013\libzmq\..\..\..\..\obj\libzmq\Win32\Release\v120\dynamic\push.obj"
         "E:\Code\AGVtoolkit_white\library\src\libzmq-master\builds\msvc\vs2013\libzmq\..\..\..\..\obj\libzmq\Win32\Release\v120\dynamic\radio.obj"
         "E:\Code\AGVtoolkit_white\library\src\libzmq-master\builds\msvc\vs2013\libzmq\..\..\..\..\obj\libzmq\Win32\Release\v120\dynamic\random.obj"
         "E:\Code\AGVtoolkit_white\library\src\libzmq-master\builds\msvc\vs2013\libzmq\..\..\..\..\obj\libzmq\Win32\Release\v120\dynamic\raw_decoder.obj"
         "E:\Code\AGVtoolkit_white\library\src\libzmq-master\builds\msvc\vs2013\libzmq\..\..\..\..\obj\libzmq\Win32\Release\v120\dynamic\raw_encoder.obj"
         "E:\Code\AGVtoolkit_white\library\src\libzmq-master\builds\msvc\vs2013\libzmq\..\..\..\..\obj\libzmq\Win32\Release\v120\dynamic\reaper.obj"
         "E:\Code\AGVtoolkit_white\library\src\libzmq-master\builds\msvc\vs2013\libzmq\..\..\..\..\obj\libzmq\Win32\Release\v120\dynamic\rep.obj"
         "E:\Code\AGVtoolkit_white\library\src\libzmq-master\builds\msvc\vs2013\libzmq\..\..\..\..\obj\libzmq\Win32\Release\v120\dynamic\req.obj"
         "E:\Code\AGVtoolkit_white\library\src\libzmq-master\builds\msvc\vs2013\libzmq\..\..\..\..\obj\libzmq\Win32\Release\v120\dynamic\router.obj"
         "E:\Code\AGVtoolkit_white\library\src\libzmq-master\builds\msvc\vs2013\libzmq\..\..\..\..\obj\libzmq\Win32\Release\v120\dynamic\scatter.obj"
         "E:\Code\AGVtoolkit_white\library\src\libzmq-master\builds\msvc\vs2013\libzmq\..\..\..\..\obj\libzmq\Win32\Release\v120\dynamic\select.obj"
         "E:\Code\AGVtoolkit_white\library\src\libzmq-master\builds\msvc\vs2013\libzmq\..\..\..\..\obj\libzmq\Win32\Release\v120\dynamic\server.obj"
         "E:\Code\AGVtoolkit_white\library\src\libzmq-master\builds\msvc\vs2013\libzmq\..\..\..\..\obj\libzmq\Win32\Release\v120\dynamic\session_base.obj"
         "E:\Code\AGVtoolkit_white\library\src\libzmq-master\builds\msvc\vs2013\libzmq\..\..\..\..\obj\libzmq\Win32\Release\v120\dynamic\signaler.obj"
         "E:\Code\AGVtoolkit_white\library\src\libzmq-master\builds\msvc\vs2013\libzmq\..\..\..\..\obj\libzmq\Win32\Release\v120\dynamic\socket_base.obj"
         "E:\Code\AGVtoolkit_white\library\src\libzmq-master\builds\msvc\vs2013\libzmq\..\..\..\..\obj\libzmq\Win32\Release\v120\dynamic\socket_poller.obj"
         "E:\Code\AGVtoolkit_white\library\src\libzmq-master\builds\msvc\vs2013\libzmq\..\..\..\..\obj\libzmq\Win32\Release\v120\dynamic\socks.obj"
         "E:\Code\AGVtoolkit_white\library\src\libzmq-master\builds\msvc\vs2013\libzmq\..\..\..\..\obj\libzmq\Win32\Release\v120\dynamic\socks_connecter.obj"
         "E:\Code\AGVtoolkit_white\library\src\libzmq-master\builds\msvc\vs2013\libzmq\..\..\..\..\obj\libzmq\Win32\Release\v120\dynamic\stream.obj"
         "E:\Code\AGVtoolkit_white\library\src\libzmq-master\builds\msvc\vs2013\libzmq\..\..\..\..\obj\libzmq\Win32\Release\v120\dynamic\stream_engine.obj"
         "E:\Code\AGVtoolkit_white\library\src\libzmq-master\builds\msvc\vs2013\libzmq\..\..\..\..\obj\libzmq\Win32\Release\v120\dynamic\sub.obj"
         "E:\Code\AGVtoolkit_white\library\src\libzmq-master\builds\msvc\vs2013\libzmq\..\..\..\..\obj\libzmq\Win32\Release\v120\dynamic\tcp.obj"
         "E:\Code\AGVtoolkit_white\library\src\libzmq-master\builds\msvc\vs2013\libzmq\..\..\..\..\obj\libzmq\Win32\Release\v120\dynamic\tcp_address.obj"
         "E:\Code\AGVtoolkit_white\library\src\libzmq-master\builds\msvc\vs2013\libzmq\..\..\..\..\obj\libzmq\Win32\Release\v120\dynamic\tcp_connecter.obj"
         "E:\Code\AGVtoolkit_white\library\src\libzmq-master\builds\msvc\vs2013\libzmq\..\..\..\..\obj\libzmq\Win32\Release\v120\dynamic\tcp_listener.obj"
         "E:\Code\AGVtoolkit_white\library\src\libzmq-master\builds\msvc\vs2013\libzmq\..\..\..\..\obj\libzmq\Win32\Release\v120\dynamic\thread.obj"
         "E:\Code\AGVtoolkit_white\library\src\libzmq-master\builds\msvc\vs2013\libzmq\..\..\..\..\obj\libzmq\Win32\Release\v120\dynamic\timers.obj"
         "E:\Code\AGVtoolkit_white\library\src\libzmq-master\builds\msvc\vs2013\libzmq\..\..\..\..\obj\libzmq\Win32\Release\v120\dynamic\trie.obj"
         "E:\Code\AGVtoolkit_white\library\src\libzmq-master\builds\msvc\vs2013\libzmq\..\..\..\..\obj\libzmq\Win32\Release\v120\dynamic\udp_address.obj"
         "E:\Code\AGVtoolkit_white\library\src\libzmq-master\builds\msvc\vs2013\libzmq\..\..\..\..\obj\libzmq\Win32\Release\v120\dynamic\udp_engine.obj"
         "E:\Code\AGVtoolkit_white\library\src\libzmq-master\builds\msvc\vs2013\libzmq\..\..\..\..\obj\libzmq\Win32\Release\v120\dynamic\v1_decoder.obj"
         "E:\Code\AGVtoolkit_white\library\src\libzmq-master\builds\msvc\vs2013\libzmq\..\..\..\..\obj\libzmq\Win32\Release\v120\dynamic\v1_encoder.obj"
         "E:\Code\AGVtoolkit_white\library\src\libzmq-master\builds\msvc\vs2013\libzmq\..\..\..\..\obj\libzmq\Win32\Release\v120\dynamic\v2_decoder.obj"
         "E:\Code\AGVtoolkit_white\library\src\libzmq-master\builds\msvc\vs2013\libzmq\..\..\..\..\obj\libzmq\Win32\Release\v120\dynamic\v2_encoder.obj"
         "E:\Code\AGVtoolkit_white\library\src\libzmq-master\builds\msvc\vs2013\libzmq\..\..\..\..\obj\libzmq\Win32\Release\v120\dynamic\xpub.obj"
         "E:\Code\AGVtoolkit_white\library\src\libzmq-master\builds\msvc\vs2013\libzmq\..\..\..\..\obj\libzmq\Win32\Release\v120\dynamic\xsub.obj"
         "E:\Code\AGVtoolkit_white\library\src\libzmq-master\builds\msvc\vs2013\libzmq\..\..\..\..\obj\libzmq\Win32\Release\v120\dynamic\zmq.obj"
         "E:\Code\AGVtoolkit_white\library\src\libzmq-master\builds\msvc\vs2013\libzmq\..\..\..\..\obj\libzmq\Win32\Release\v120\dynamic\zmq_utils.obj"
            正在创建库 E:\Code\AGVtoolkit_white\library\src\libzmq-master\builds\msvc\vs2013\libzmq\..\..\..\..\bin\Win32\Release\v120\dynamic\libzmq.lib 和对象 E:\Code\AGVtoolkit_white\library\src\libzmq-master\builds\msvc\vs2013\libzmq\..\..\..\..\bin\Win32\Release\v120\dynamic\libzmq.exp
         libzmq.vcxproj -> E:\Code\AGVtoolkit_white\library\src\libzmq-master\builds\msvc\vs2013\libzmq\..\..\..\..\bin\Win32\Release\v120\dynamic\libzmq.dll
     1>已完成生成项目“E:\Code\AGVtoolkit_white\library\src\libzmq-master\builds\msvc\vs2013\libzmq\libzmq.vcxproj”(Rebuild 个目标)的操作。

生成成功。

已用时间 00:00:04.52
