生成启动时间为 2021/3/28 17:55:18。
     1>项目“D:\agv-combine -target -new\build\global_plan\global_plan.vcxproj”在节点 13 上(Rebuild 个目标)。
     1>CustomBuild:
         Building Custom Rule D:/agv-combine -target -new/global_plan/CMakeLists.txt
       ClCompile:
         D:\Software\vs2013\VC\bin\CL.exe /c /I"D:\agv-combine -target -new\AGVtoolkit2013\include" /I"D:\agv-combine -target -new\msg" /I"D:\agv-combine -target -new\slam" /I"D:\agv-combine -target -new" /Zi /nologo /W1 /WX- /Od /Ob0 /Oy- /D "CMAKE_INTDIR=\"Debug\"" /D _MBCS /Gm- /RTC1 /MDd /GS /fp:precise /Zc:wchar_t /Zc:forScope /Fo"global_plan.dir\Debug\\" /Fd"global_plan.dir\Debug\vc120.pdb" /Gd /TP /analyze- /errorReport:prompt  /Mt "D:\agv-combine -target -new\global_plan\global_plan.cpp"
     1>cl : 命令行 warning D9002: 忽略未知选项“/Mt”
         global_plan.cpp
     1>D:\Software\vs2013\VC\include\xlocale(337): warning C4530: 使用了 C++ 异常处理程序，但未启用展开语义。请指定 /EHsc
         D:\Software\vs2013\VC\bin\CL.exe /c /I"D:\agv-combine -target -new\AGVtoolkit2013\include" /I"D:\agv-combine -target -new\msg" /I"D:\agv-combine -target -new\slam" /I"D:\agv-combine -target -new" /Zi /nologo /W1 /WX- /Od /Ob0 /Oy- /D "CMAKE_INTDIR=\"Debug\"" /D _MBCS /Gm- /RTC1 /MDd /GS /fp:precise /Zc:wchar_t /Zc:forScope /Fo"global_plan.dir\Debug\\" /Fd"global_plan.dir\Debug\vc120.pdb" /Gd /TC /analyze- /errorReport:prompt  /Mt "D:\agv-combine -target -new\global_plan\conventional.c" "D:\agv-combine -target -new\global_plan\planner.c" "D:\agv-combine -target -new\global_plan\trajectory.c" "D:\agv-combine -target -new\global_plan\map_modify.c"
     1>cl : 命令行 warning D9002: 忽略未知选项“/Mt”
         conventional.c
         planner.c
         trajectory.c
         map_modify.c
         正在生成代码...
       Lib:
         D:\Software\vs2013\VC\bin\Lib.exe /OUT:"D:\agv-combine -target -new\bin\lib\Debug\global_plan.lib" /NOLOGO  /machine:X86 global_plan.dir\Debug\global_plan.obj
         global_plan.dir\Debug\conventional.obj
         global_plan.dir\Debug\planner.obj
         global_plan.dir\Debug\trajectory.obj
         global_plan.dir\Debug\map_modify.obj
         global_plan.vcxproj -> D:\agv-combine -target -new\bin\lib\Debug\global_plan.lib
     1>已完成生成项目“D:\agv-combine -target -new\build\global_plan\global_plan.vcxproj”(Rebuild 个目标)的操作。

生成成功。

已用时间 00:00:02.99
